<?xml version="1.0" encoding="UTF-8"?>
<coverage generated="1517352337937" clover="3.2.0">
  <project timestamp="1517352337937" name="All files">
    <metrics statements="328" coveredstatements="246" conditionals="93" coveredconditionals="44" methods="129" coveredmethods="88" elements="550" coveredelements="378" complexity="0" loc="328" ncloc="328" packages="3" files="6" classes="6">
      <package name="client">
        <metrics statements="2" coveredstatements="1" conditionals="0" coveredconditionals="0" methods="1" coveredmethods="0"/>
        <file name="setup-tests.js" path="C:\Users\Vincent\Documents\GitHub\compactd\client\setup-tests.js">
          <metrics statements="2" coveredstatements="1" conditionals="0" coveredconditionals="0" methods="1" coveredmethods="0"/>
          <line num="1" count="1" type="stmt"/>
          <line num="2" count="0" type="stmt"/>
        </file>
      </package>
      <package name="client.src.api">
        <metrics statements="67" coveredstatements="3" conditionals="37" coveredconditionals="1" methods="31" coveredmethods="1"/>
        <file name="Artwork.tsx" path="C:\Users\Vincent\Documents\GitHub\compactd\client\src\api\Artwork.tsx">
          <metrics statements="27" coveredstatements="0" conditionals="16" coveredconditionals="0" methods="13" coveredmethods="0"/>
          <line num="6" count="0" type="stmt"/>
          <line num="7" count="0" type="stmt"/>
          <line num="8" count="0" type="stmt"/>
          <line num="9" count="0" type="stmt"/>
          <line num="14" count="0" type="stmt"/>
          <line num="17" count="0" type="stmt"/>
          <line num="20" count="0" type="stmt"/>
          <line num="21" count="0" type="cond" truecount="0" falsecount="4"/>
          <line num="22" count="0" type="stmt"/>
          <line num="24" count="0" type="stmt"/>
          <line num="25" count="0" type="stmt"/>
          <line num="26" count="0" type="stmt"/>
          <line num="36" count="0" type="cond" truecount="0" falsecount="2"/>
          <line num="37" count="0" type="stmt"/>
          <line num="38" count="0" type="cond" truecount="0" falsecount="2"/>
          <line num="39" count="0" type="stmt"/>
          <line num="41" count="0" type="stmt"/>
          <line num="42" count="0" type="stmt"/>
          <line num="43" count="0" type="stmt"/>
          <line num="47" count="0" type="stmt"/>
          <line num="50" count="0" type="stmt"/>
          <line num="55" count="0" type="cond" truecount="0" falsecount="2"/>
          <line num="56" count="0" type="cond" truecount="0" falsecount="2"/>
          <line num="57" count="0" type="stmt"/>
          <line num="59" count="0" type="stmt"/>
          <line num="61" count="0" type="stmt"/>
          <line num="64" count="0" type="stmt"/>
        </file>
        <file name="session.tsx" path="C:\Users\Vincent\Documents\GitHub\compactd\client\src\api\session.tsx">
          <metrics statements="40" coveredstatements="3" conditionals="21" coveredconditionals="1" methods="18" coveredmethods="1"/>
          <line num="5" count="1" type="stmt"/>
          <line num="6" count="1" type="stmt"/>
          <line num="9" count="0" type="stmt"/>
          <line num="12" count="0" type="stmt"/>
          <line num="15" count="0" type="stmt"/>
          <line num="18" count="0" type="cond" truecount="0" falsecount="2"/>
          <line num="19" count="0" type="stmt"/>
          <line num="20" count="0" type="stmt"/>
          <line num="23" count="0" type="stmt"/>
          <line num="24" count="0" type="cond" truecount="0" falsecount="2"/>
          <line num="25" count="0" type="stmt"/>
          <line num="26" count="0" type="cond" truecount="0" falsecount="2"/>
          <line num="27" count="0" type="stmt"/>
          <line num="29" count="0" type="cond" truecount="0" falsecount="4"/>
          <line num="30" count="0" type="stmt"/>
          <line num="32" count="0" type="stmt"/>
          <line num="35" count="0" type="stmt"/>
          <line num="36" count="0" type="cond" truecount="0" falsecount="2"/>
          <line num="37" count="0" type="stmt"/>
          <line num="39" count="0" type="stmt"/>
          <line num="42" count="0" type="stmt"/>
          <line num="46" count="0" type="stmt"/>
          <line num="47" count="0" type="stmt"/>
          <line num="48" count="0" type="stmt"/>
          <line num="50" count="0" type="stmt"/>
          <line num="54" count="0" type="cond" truecount="0" falsecount="2"/>
          <line num="55" count="0" type="stmt"/>
          <line num="60" count="0" type="stmt"/>
          <line num="63" count="0" type="cond" truecount="0" falsecount="2"/>
          <line num="64" count="0" type="stmt"/>
          <line num="65" count="0" type="stmt"/>
          <line num="67" count="0" type="stmt"/>
          <line num="72" count="0" type="stmt"/>
          <line num="77" count="0" type="stmt"/>
          <line num="80" count="0" type="stmt"/>
          <line num="81" count="0" type="stmt"/>
          <line num="82" count="0" type="stmt"/>
          <line num="83" count="0" type="stmt"/>
          <line num="84" count="0" type="stmt"/>
          <line num="88" count="1" type="stmt"/>
        </file>
      </package>
      <package name="client.src.api.models">
        <metrics statements="259" coveredstatements="242" conditionals="56" coveredconditionals="43" methods="97" coveredmethods="87"/>
        <file name="CompactdArtist.spec.tsx" path="C:\Users\Vincent\Documents\GitHub\compactd\client\src\api\models\CompactdArtist.spec.tsx">
          <metrics statements="163" coveredstatements="162" conditionals="9" coveredconditionals="8" methods="54" coveredmethods="53"/>
          <line num="1" count="1" type="cond" truecount="2" falsecount="1"/>
          <line num="2" count="10" type="cond" truecount="2" falsecount="0"/>
          <line num="3" count="15" type="stmt"/>
          <line num="4" count="0" type="stmt"/>
          <line num="5" count="25" type="cond" truecount="2" falsecount="0"/>
          <line num="6" count="10" type="cond" truecount="2" falsecount="0"/>
          <line num="14" count="1" type="stmt"/>
          <line num="15" count="1" type="stmt"/>
          <line num="16" count="1" type="stmt"/>
          <line num="17" count="1" type="stmt"/>
          <line num="18" count="1" type="stmt"/>
          <line num="19" count="1" type="stmt"/>
          <line num="20" count="1" type="stmt"/>
          <line num="23" count="1" type="stmt"/>
          <line num="24" count="1" type="stmt"/>
          <line num="25" count="1" type="stmt"/>
          <line num="26" count="1" type="stmt"/>
          <line num="27" count="1" type="stmt"/>
          <line num="28" count="1" type="stmt"/>
          <line num="29" count="1" type="stmt"/>
          <line num="31" count="1" type="stmt"/>
          <line num="32" count="1" type="stmt"/>
          <line num="33" count="1" type="stmt"/>
          <line num="34" count="1" type="stmt"/>
          <line num="36" count="1" type="stmt"/>
          <line num="37" count="1" type="stmt"/>
          <line num="38" count="1" type="stmt"/>
          <line num="39" count="1" type="stmt"/>
          <line num="40" count="1" type="stmt"/>
          <line num="42" count="1" type="stmt"/>
          <line num="43" count="1" type="stmt"/>
          <line num="44" count="1" type="stmt"/>
          <line num="45" count="1" type="stmt"/>
          <line num="46" count="1" type="stmt"/>
          <line num="47" count="1" type="stmt"/>
          <line num="49" count="1" type="stmt"/>
          <line num="50" count="1" type="stmt"/>
          <line num="51" count="1" type="stmt"/>
          <line num="52" count="1" type="stmt"/>
          <line num="53" count="1" type="stmt"/>
          <line num="56" count="1" type="stmt"/>
          <line num="57" count="1" type="stmt"/>
          <line num="58" count="1" type="stmt"/>
          <line num="59" count="1" type="stmt"/>
          <line num="62" count="1" type="stmt"/>
          <line num="64" count="1" type="stmt"/>
          <line num="65" count="3" type="stmt"/>
          <line num="70" count="1" type="stmt"/>
          <line num="71" count="3" type="stmt"/>
          <line num="73" count="1" type="stmt"/>
          <line num="74" count="1" type="stmt"/>
          <line num="75" count="1" type="stmt"/>
          <line num="76" count="1" type="stmt"/>
          <line num="77" count="1" type="stmt"/>
          <line num="78" count="1" type="stmt"/>
          <line num="79" count="1" type="stmt"/>
          <line num="81" count="1" type="stmt"/>
          <line num="82" count="1" type="stmt"/>
          <line num="83" count="1" type="stmt"/>
          <line num="84" count="1" type="stmt"/>
          <line num="85" count="1" type="stmt"/>
          <line num="87" count="1" type="stmt"/>
          <line num="88" count="1" type="stmt"/>
          <line num="89" count="1" type="stmt"/>
          <line num="90" count="1" type="stmt"/>
          <line num="91" count="1" type="stmt"/>
          <line num="94" count="1" type="stmt"/>
          <line num="96" count="1" type="stmt"/>
          <line num="97" count="4" type="stmt"/>
          <line num="101" count="1" type="stmt"/>
          <line num="102" count="4" type="stmt"/>
          <line num="104" count="1" type="stmt"/>
          <line num="105" count="1" type="stmt"/>
          <line num="106" count="1" type="stmt"/>
          <line num="107" count="1" type="stmt"/>
          <line num="108" count="1" type="stmt"/>
          <line num="109" count="1" type="stmt"/>
          <line num="111" count="1" type="stmt"/>
          <line num="112" count="1" type="stmt"/>
          <line num="113" count="1" type="stmt"/>
          <line num="114" count="1" type="stmt"/>
          <line num="115" count="1" type="stmt"/>
          <line num="116" count="1" type="stmt"/>
          <line num="118" count="1" type="stmt"/>
          <line num="119" count="1" type="stmt"/>
          <line num="120" count="1" type="stmt"/>
          <line num="121" count="1" type="stmt"/>
          <line num="122" count="1" type="stmt"/>
          <line num="123" count="1" type="stmt"/>
          <line num="127" count="1" type="stmt"/>
          <line num="128" count="1" type="stmt"/>
          <line num="129" count="1" type="stmt"/>
          <line num="132" count="1" type="stmt"/>
          <line num="133" count="1" type="stmt"/>
          <line num="134" count="1" type="stmt"/>
          <line num="135" count="1" type="stmt"/>
          <line num="136" count="1" type="stmt"/>
          <line num="137" count="1" type="stmt"/>
          <line num="142" count="1" type="stmt"/>
          <line num="143" count="1" type="stmt"/>
          <line num="144" count="1" type="stmt"/>
          <line num="145" count="1" type="stmt"/>
          <line num="146" count="1" type="stmt"/>
          <line num="150" count="1" type="stmt"/>
          <line num="151" count="1" type="stmt"/>
          <line num="152" count="1" type="stmt"/>
          <line num="153" count="1" type="stmt"/>
          <line num="154" count="1" type="stmt"/>
          <line num="155" count="1" type="stmt"/>
          <line num="156" count="1" type="stmt"/>
          <line num="161" count="1" type="stmt"/>
          <line num="162" count="1" type="stmt"/>
          <line num="163" count="1" type="stmt"/>
          <line num="168" count="1" type="stmt"/>
          <line num="173" count="1" type="stmt"/>
          <line num="174" count="1" type="stmt"/>
          <line num="177" count="1" type="stmt"/>
          <line num="178" count="1" type="stmt"/>
          <line num="179" count="1" type="stmt"/>
          <line num="180" count="1" type="stmt"/>
          <line num="184" count="1" type="stmt"/>
          <line num="185" count="1" type="stmt"/>
          <line num="186" count="1" type="stmt"/>
          <line num="187" count="1" type="stmt"/>
          <line num="188" count="1" type="stmt"/>
          <line num="192" count="1" type="stmt"/>
          <line num="194" count="1" type="stmt"/>
          <line num="195" count="1" type="stmt"/>
          <line num="196" count="1" type="stmt"/>
          <line num="200" count="1" type="stmt"/>
          <line num="201" count="1" type="stmt"/>
          <line num="202" count="1" type="stmt"/>
          <line num="203" count="1" type="stmt"/>
          <line num="204" count="1" type="stmt"/>
          <line num="208" count="1" type="stmt"/>
          <line num="211" count="1" type="stmt"/>
          <line num="212" count="1" type="stmt"/>
          <line num="213" count="4" type="stmt"/>
          <line num="214" count="1" type="stmt"/>
          <line num="215" count="4" type="stmt"/>
          <line num="220" count="1" type="stmt"/>
          <line num="221" count="1" type="stmt"/>
          <line num="222" count="1" type="stmt"/>
          <line num="223" count="1" type="stmt"/>
          <line num="224" count="1" type="stmt"/>
          <line num="227" count="1" type="stmt"/>
          <line num="228" count="1" type="stmt"/>
          <line num="229" count="1" type="stmt"/>
          <line num="233" count="1" type="stmt"/>
          <line num="234" count="1" type="stmt"/>
          <line num="235" count="1" type="stmt"/>
          <line num="236" count="1" type="stmt"/>
          <line num="238" count="1" type="stmt"/>
          <line num="239" count="1" type="stmt"/>
          <line num="243" count="1" type="stmt"/>
          <line num="246" count="1" type="stmt"/>
          <line num="247" count="1" type="stmt"/>
          <line num="248" count="1" type="stmt"/>
          <line num="250" count="1" type="stmt"/>
          <line num="251" count="1" type="stmt"/>
          <line num="252" count="1" type="stmt"/>
          <line num="253" count="1" type="stmt"/>
          <line num="254" count="1" type="stmt"/>
        </file>
        <file name="CompactdArtist.tsx" path="C:\Users\Vincent\Documents\GitHub\compactd\client\src\api\models\CompactdArtist.tsx">
          <metrics statements="60" coveredstatements="48" conditionals="37" coveredconditionals="28" methods="27" coveredmethods="22"/>
          <line num="1" count="1" type="cond" truecount="2" falsecount="1"/>
          <line num="2" count="8" type="cond" truecount="2" falsecount="0"/>
          <line num="3" count="8" type="stmt"/>
          <line num="4" count="0" type="stmt"/>
          <line num="5" count="16" type="cond" truecount="2" falsecount="0"/>
          <line num="6" count="8" type="cond" truecount="2" falsecount="0"/>
          <line num="14" count="18" type="cond" truecount="2" falsecount="0"/>
          <line num="15" count="15" type="cond" truecount="2" falsecount="0"/>
          <line num="16" count="15" type="stmt"/>
          <line num="18" count="3" type="cond" truecount="2" falsecount="0"/>
          <line num="19" count="1" type="stmt"/>
          <line num="20" count="1" type="stmt"/>
          <line num="22" count="2" type="cond" truecount="1" falsecount="1"/>
          <line num="23" count="2" type="stmt"/>
          <line num="24" count="2" type="stmt"/>
          <line num="28" count="0" type="stmt"/>
          <line num="34" count="10" type="stmt"/>
          <line num="37" count="2" type="stmt"/>
          <line num="43" count="4" type="stmt"/>
          <line num="44" count="4" type="stmt"/>
          <line num="45" count="4" type="stmt"/>
          <line num="49" count="0" type="cond" truecount="0" falsecount="2"/>
          <line num="50" count="0" type="stmt"/>
          <line num="52" count="0" type="stmt"/>
          <line num="62" count="4" type="stmt"/>
          <line num="63" count="4" type="stmt"/>
          <line num="64" count="4" type="stmt"/>
          <line num="70" count="4" type="stmt"/>
          <line num="74" count="1" type="cond" truecount="1" falsecount="1"/>
          <line num="75" count="0" type="stmt"/>
          <line num="77" count="1" type="stmt"/>
          <line num="83" count="1" type="cond" truecount="1" falsecount="1"/>
          <line num="84" count="0" type="stmt"/>
          <line num="85" count="0" type="stmt"/>
          <line num="86" count="0" type="stmt"/>
          <line num="88" count="1" type="cond" truecount="1" falsecount="1"/>
          <line num="89" count="1" type="stmt"/>
          <line num="90" count="1" type="stmt"/>
          <line num="91" count="1" type="stmt"/>
          <line num="92" count="1" type="stmt"/>
          <line num="94" count="0" type="stmt"/>
          <line num="98" count="1" type="cond" truecount="1" falsecount="1"/>
          <line num="99" count="1" type="stmt"/>
          <line num="103" count="0" type="stmt"/>
          <line num="112" count="2" type="stmt"/>
          <line num="113" count="2" type="stmt"/>
          <line num="114" count="2" type="stmt"/>
          <line num="115" count="2" type="stmt"/>
          <line num="124" count="4" type="cond" truecount="2" falsecount="0"/>
          <line num="125" count="2" type="stmt"/>
          <line num="126" count="2" type="cond" truecount="1" falsecount="1"/>
          <line num="127" count="2" type="stmt"/>
          <line num="128" count="0" type="stmt"/>
          <line num="134" count="1" type="stmt"/>
          <line num="135" count="1" type="stmt"/>
          <line num="144" count="7" type="stmt"/>
          <line num="145" count="5" type="cond" truecount="2" falsecount="0"/>
          <line num="146" count="4" type="cond" truecount="2" falsecount="0"/>
          <line num="148" count="1" type="stmt"/>
          <line num="152" count="1" type="stmt"/>
        </file>
        <file name="CompactdModel.tsx" path="C:\Users\Vincent\Documents\GitHub\compactd\client\src\api\models\CompactdModel.tsx">
          <metrics statements="36" coveredstatements="32" conditionals="10" coveredconditionals="7" methods="16" coveredmethods="12"/>
          <line num="2" count="1" type="stmt"/>
          <line num="3" count="1" type="stmt"/>
          <line num="4" count="1" type="stmt"/>
          <line num="5" count="1" type="stmt"/>
          <line num="6" count="1" type="stmt"/>
          <line num="7" count="1" type="stmt"/>
          <line num="10" count="1" type="stmt"/>
          <line num="11" count="1" type="stmt"/>
          <line num="12" count="1" type="stmt"/>
          <line num="13" count="1" type="stmt"/>
          <line num="17" count="18" type="stmt"/>
          <line num="18" count="18" type="stmt"/>
          <line num="19" count="18" type="stmt"/>
          <line num="20" count="18" type="stmt"/>
          <line num="21" count="18" type="stmt"/>
          <line num="22" count="18" type="stmt"/>
          <line num="25" count="11" type="stmt"/>
          <line num="28" count="0" type="stmt"/>
          <line num="31" count="5" type="stmt"/>
          <line num="34" count="1" type="cond" truecount="1" falsecount="1"/>
          <line num="35" count="0" type="stmt"/>
          <line num="37" count="1" type="stmt"/>
          <line num="38" count="1" type="stmt"/>
          <line num="42" count="1" type="stmt"/>
          <line num="43" count="1" type="stmt"/>
          <line num="44" count="1" type="stmt"/>
          <line num="45" count="1" type="stmt"/>
          <line num="47" count="1" type="cond" truecount="1" falsecount="1"/>
          <line num="48" count="1" type="stmt"/>
          <line num="50" count="1" type="cond" truecount="1" falsecount="1"/>
          <line num="51" count="1" type="stmt"/>
          <line num="98" count="1" type="stmt"/>
          <line num="104" count="0" type="stmt"/>
          <line num="105" count="0" type="stmt"/>
          <line num="109" count="1" type="stmt"/>
          <line num="110" count="1" type="stmt"/>
        </file>
      </package>
    </metrics>
  </project>
</coverage>
