TN:
SF:C:\Users\Vincent\Documents\GitHub\compactd\client\setup-tests.js
FN:1,(anonymous_0)
FNF:1
FNH:0
FNDA:0,(anonymous_0)
DA:1,1
DA:2,0
LF:2
LH:1
BRF:0
BRH:0
end_of_record
TN:
SF:C:\Users\Vincent\Documents\GitHub\compactd\client\src\api\Artwork.tsx
FN:5,(anonymous_0)
FN:13,(anonymous_1)
FN:16,(anonymous_2)
FN:19,(anonymous_3)
FN:20,(anonymous_4)
FN:25,(anonymous_5)
FN:35,(anonymous_6)
FN:37,(anonymous_7)
FN:41,(anonymous_8)
FN:46,(anonymous_9)
FN:49,(anonymous_10)
FN:54,(anonymous_11)
FN:63,(anonymous_12)
FNF:13
FNH:0
FNDA:0,(anonymous_0)
FNDA:0,(anonymous_1)
FNDA:0,(anonymous_2)
FNDA:0,(anonymous_3)
FNDA:0,(anonymous_4)
FNDA:0,(anonymous_5)
FNDA:0,(anonymous_6)
FNDA:0,(anonymous_7)
FNDA:0,(anonymous_8)
FNDA:0,(anonymous_9)
FNDA:0,(anonymous_10)
FNDA:0,(anonymous_11)
FNDA:0,(anonymous_12)
DA:6,0
DA:7,0
DA:8,0
DA:9,0
DA:14,0
DA:17,0
DA:20,0
DA:21,0
DA:22,0
DA:24,0
DA:25,0
DA:26,0
DA:36,0
DA:37,0
DA:38,0
DA:39,0
DA:41,0
DA:42,0
DA:43,0
DA:47,0
DA:50,0
DA:55,0
DA:56,0
DA:57,0
DA:59,0
DA:61,0
DA:64,0
LF:27
LH:0
BRDA:5,0,0,0
BRDA:13,1,0,0
BRDA:16,2,0,0
BRDA:21,3,0,0
BRDA:21,3,1,0
BRDA:21,4,0,0
BRDA:21,4,1,0
BRDA:36,5,0,0
BRDA:36,5,1,0
BRDA:38,6,0,0
BRDA:38,6,1,0
BRDA:54,7,0,0
BRDA:55,8,0,0
BRDA:55,8,1,0
BRDA:56,9,0,0
BRDA:56,9,1,0
BRF:16
BRH:0
end_of_record
TN:
SF:C:\Users\Vincent\Documents\GitHub\compactd\client\src\api\session.tsx
FN:4,(anonymous_0)
FN:8,(anonymous_1)
FN:11,(anonymous_2)
FN:14,(anonymous_3)
FN:17,(anonymous_4)
FN:22,(anonymous_5)
FN:34,(anonymous_6)
FN:39,(anonymous_7)
FN:41,(anonymous_8)
FN:46,(anonymous_9)
FN:46,(anonymous_10)
FN:49,(anonymous_11)
FN:53,(anonymous_12)
FN:62,(anonymous_13)
FN:71,(anonymous_14)
FN:76,(anonymous_15)
FN:79,(anonymous_16)
FN:82,(anonymous_17)
FNF:18
FNH:1
FNDA:1,(anonymous_0)
FNDA:0,(anonymous_1)
FNDA:0,(anonymous_2)
FNDA:0,(anonymous_3)
FNDA:0,(anonymous_4)
FNDA:0,(anonymous_5)
FNDA:0,(anonymous_6)
FNDA:0,(anonymous_7)
FNDA:0,(anonymous_8)
FNDA:0,(anonymous_9)
FNDA:0,(anonymous_10)
FNDA:0,(anonymous_11)
FNDA:0,(anonymous_12)
FNDA:0,(anonymous_13)
FNDA:0,(anonymous_14)
FNDA:0,(anonymous_15)
FNDA:0,(anonymous_16)
FNDA:0,(anonymous_17)
DA:5,1
DA:6,1
DA:9,0
DA:12,0
DA:15,0
DA:18,0
DA:19,0
DA:20,0
DA:23,0
DA:24,0
DA:25,0
DA:26,0
DA:27,0
DA:29,0
DA:30,0
DA:32,0
DA:35,0
DA:36,0
DA:37,0
DA:39,0
DA:42,0
DA:46,0
DA:47,0
DA:48,0
DA:50,0
DA:54,0
DA:55,0
DA:60,0
DA:63,0
DA:64,0
DA:65,0
DA:67,0
DA:72,0
DA:77,0
DA:80,0
DA:81,0
DA:82,0
DA:83,0
DA:84,0
DA:88,1
LF:40
LH:3
BRDA:4,0,0,1
BRDA:17,1,0,0
BRDA:18,2,0,0
BRDA:18,2,1,0
BRDA:24,3,0,0
BRDA:24,3,1,0
BRDA:26,4,0,0
BRDA:26,4,1,0
BRDA:29,5,0,0
BRDA:29,5,1,0
BRDA:29,6,0,0
BRDA:29,6,1,0
BRDA:36,7,0,0
BRDA:36,7,1,0
BRDA:53,8,0,0
BRDA:54,9,0,0
BRDA:54,9,1,0
BRDA:62,10,0,0
BRDA:63,11,0,0
BRDA:63,11,1,0
BRDA:71,12,0,0
BRF:21
BRH:1
end_of_record
TN:
SF:C:\Users\Vincent\Documents\GitHub\compactd\client\src\api\models\CompactdArtist.spec.tsx
FN:1,(anonymous_0)
FN:2,(anonymous_1)
FN:3,fulfilled
FN:4,rejected
FN:5,step
FN:5,(anonymous_5)
FN:18,(anonymous_6)
FN:19,(anonymous_7)
FN:23,(anonymous_8)
FN:24,(anonymous_9)
FN:31,(anonymous_10)
FN:36,(anonymous_11)
FN:42,(anonymous_12)
FN:49,(anonymous_13)
FN:56,(anonymous_14)
FN:57,(anonymous_15)
FN:62,(anonymous_16)
FN:64,(anonymous_17)
FN:70,(anonymous_18)
FN:73,(anonymous_19)
FN:73,(anonymous_20)
FN:81,(anonymous_21)
FN:81,(anonymous_22)
FN:87,(anonymous_23)
FN:87,(anonymous_24)
FN:94,(anonymous_25)
FN:96,(anonymous_26)
FN:101,(anonymous_27)
FN:104,(anonymous_28)
FN:104,(anonymous_29)
FN:111,(anonymous_30)
FN:111,(anonymous_31)
FN:118,(anonymous_32)
FN:118,(anonymous_33)
FN:127,(anonymous_34)
FN:127,(anonymous_35)
FN:142,(anonymous_36)
FN:143,(anonymous_37)
FN:143,(anonymous_38)
FN:177,(anonymous_39)
FN:178,(anonymous_40)
FN:178,(anonymous_41)
FN:194,(anonymous_42)
FN:194,(anonymous_43)
FN:211,(anonymous_44)
FN:212,(anonymous_45)
FN:213,(anonymous_46)
FN:215,(anonymous_47)
FN:220,(anonymous_48)
FN:221,(anonymous_49)
FN:227,(anonymous_50)
FN:228,(anonymous_51)
FN:238,(anonymous_52)
FN:250,(anonymous_53)
FNF:54
FNH:53
FNDA:10,(anonymous_0)
FNDA:10,(anonymous_1)
FNDA:15,fulfilled
FNDA:0,rejected
FNDA:25,step
FNDA:15,(anonymous_5)
FNDA:1,(anonymous_6)
FNDA:1,(anonymous_7)
FNDA:1,(anonymous_8)
FNDA:1,(anonymous_9)
FNDA:1,(anonymous_10)
FNDA:1,(anonymous_11)
FNDA:1,(anonymous_12)
FNDA:1,(anonymous_13)
FNDA:1,(anonymous_14)
FNDA:1,(anonymous_15)
FNDA:1,(anonymous_16)
FNDA:3,(anonymous_17)
FNDA:3,(anonymous_18)
FNDA:1,(anonymous_19)
FNDA:1,(anonymous_20)
FNDA:1,(anonymous_21)
FNDA:1,(anonymous_22)
FNDA:1,(anonymous_23)
FNDA:1,(anonymous_24)
FNDA:1,(anonymous_25)
FNDA:4,(anonymous_26)
FNDA:4,(anonymous_27)
FNDA:1,(anonymous_28)
FNDA:1,(anonymous_29)
FNDA:1,(anonymous_30)
FNDA:1,(anonymous_31)
FNDA:1,(anonymous_32)
FNDA:1,(anonymous_33)
FNDA:1,(anonymous_34)
FNDA:1,(anonymous_35)
FNDA:1,(anonymous_36)
FNDA:1,(anonymous_37)
FNDA:1,(anonymous_38)
FNDA:1,(anonymous_39)
FNDA:1,(anonymous_40)
FNDA:1,(anonymous_41)
FNDA:1,(anonymous_42)
FNDA:1,(anonymous_43)
FNDA:1,(anonymous_44)
FNDA:1,(anonymous_45)
FNDA:4,(anonymous_46)
FNDA:4,(anonymous_47)
FNDA:1,(anonymous_48)
FNDA:1,(anonymous_49)
FNDA:1,(anonymous_50)
FNDA:1,(anonymous_51)
FNDA:1,(anonymous_52)
FNDA:1,(anonymous_53)
DA:1,1
DA:2,10
DA:3,15
DA:4,0
DA:5,25
DA:6,10
DA:14,1
DA:15,1
DA:16,1
DA:17,1
DA:18,1
DA:19,1
DA:20,1
DA:23,1
DA:24,1
DA:25,1
DA:26,1
DA:27,1
DA:28,1
DA:29,1
DA:31,1
DA:32,1
DA:33,1
DA:34,1
DA:36,1
DA:37,1
DA:38,1
DA:39,1
DA:40,1
DA:42,1
DA:43,1
DA:44,1
DA:45,1
DA:46,1
DA:47,1
DA:49,1
DA:50,1
DA:51,1
DA:52,1
DA:53,1
DA:56,1
DA:57,1
DA:58,1
DA:59,1
DA:62,1
DA:64,1
DA:65,3
DA:70,1
DA:71,3
DA:73,1
DA:74,1
DA:75,1
DA:76,1
DA:77,1
DA:78,1
DA:79,1
DA:81,1
DA:82,1
DA:83,1
DA:84,1
DA:85,1
DA:87,1
DA:88,1
DA:89,1
DA:90,1
DA:91,1
DA:94,1
DA:96,1
DA:97,4
DA:101,1
DA:102,4
DA:104,1
DA:105,1
DA:106,1
DA:107,1
DA:108,1
DA:109,1
DA:111,1
DA:112,1
DA:113,1
DA:114,1
DA:115,1
DA:116,1
DA:118,1
DA:119,1
DA:120,1
DA:121,1
DA:122,1
DA:123,1
DA:127,1
DA:128,1
DA:129,1
DA:132,1
DA:133,1
DA:134,1
DA:135,1
DA:136,1
DA:137,1
DA:142,1
DA:143,1
DA:144,1
DA:145,1
DA:146,1
DA:150,1
DA:151,1
DA:152,1
DA:153,1
DA:154,1
DA:155,1
DA:156,1
DA:161,1
DA:162,1
DA:163,1
DA:168,1
DA:173,1
DA:174,1
DA:177,1
DA:178,1
DA:179,1
DA:180,1
DA:184,1
DA:185,1
DA:186,1
DA:187,1
DA:188,1
DA:192,1
DA:194,1
DA:195,1
DA:196,1
DA:200,1
DA:201,1
DA:202,1
DA:203,1
DA:204,1
DA:208,1
DA:211,1
DA:212,1
DA:213,4
DA:214,1
DA:215,4
DA:220,1
DA:221,1
DA:222,1
DA:223,1
DA:224,1
DA:227,1
DA:228,1
DA:229,1
DA:233,1
DA:234,1
DA:235,1
DA:236,1
DA:238,1
DA:239,1
DA:243,1
DA:246,1
DA:247,1
DA:248,1
DA:250,1
DA:251,1
DA:252,1
DA:253,1
DA:254,1
LF:163
LH:162
BRDA:1,0,0,1
BRDA:1,0,1,0
BRDA:1,0,2,1
BRDA:2,1,0,10
BRDA:2,1,1,10
BRDA:5,2,0,10
BRDA:5,2,1,15
BRDA:6,3,0,10
BRDA:6,3,1,10
BRF:9
BRH:8
end_of_record
TN:
SF:C:\Users\Vincent\Documents\GitHub\compactd\client\src\api\models\CompactdArtist.tsx
FN:1,(anonymous_0)
FN:2,(anonymous_1)
FN:3,fulfilled
FN:4,rejected
FN:5,step
FN:5,(anonymous_5)
FN:13,(anonymous_6)
FN:27,(anonymous_7)
FN:28,(anonymous_8)
FN:33,(anonymous_9)
FN:36,(anonymous_10)
FN:42,(anonymous_11)
FN:43,(anonymous_12)
FN:48,(anonymous_13)
FN:61,(anonymous_14)
FN:62,(anonymous_15)
FN:73,(anonymous_16)
FN:82,(anonymous_17)
FN:97,(anonymous_18)
FN:102,(anonymous_19)
FN:111,(anonymous_20)
FN:114,(anonymous_21)
FN:123,(anonymous_22)
FN:133,(anonymous_23)
FN:134,(anonymous_24)
FN:143,(anonymous_25)
FN:144,(anonymous_26)
FNF:27
FNH:22
FNDA:8,(anonymous_0)
FNDA:8,(anonymous_1)
FNDA:8,fulfilled
FNDA:0,rejected
FNDA:16,step
FNDA:8,(anonymous_5)
FNDA:18,(anonymous_6)
FNDA:0,(anonymous_7)
FNDA:0,(anonymous_8)
FNDA:10,(anonymous_9)
FNDA:2,(anonymous_10)
FNDA:4,(anonymous_11)
FNDA:4,(anonymous_12)
FNDA:0,(anonymous_13)
FNDA:4,(anonymous_14)
FNDA:4,(anonymous_15)
FNDA:1,(anonymous_16)
FNDA:1,(anonymous_17)
FNDA:1,(anonymous_18)
FNDA:0,(anonymous_19)
FNDA:2,(anonymous_20)
FNDA:2,(anonymous_21)
FNDA:4,(anonymous_22)
FNDA:1,(anonymous_23)
FNDA:1,(anonymous_24)
FNDA:7,(anonymous_25)
FNDA:5,(anonymous_26)
DA:1,1
DA:2,8
DA:3,8
DA:4,0
DA:5,16
DA:6,8
DA:14,18
DA:15,15
DA:16,15
DA:18,3
DA:19,1
DA:20,1
DA:22,2
DA:23,2
DA:24,2
DA:28,0
DA:34,10
DA:37,2
DA:43,4
DA:44,4
DA:45,4
DA:49,0
DA:50,0
DA:52,0
DA:62,4
DA:63,4
DA:64,4
DA:70,4
DA:74,1
DA:75,0
DA:77,1
DA:83,1
DA:84,0
DA:85,0
DA:86,0
DA:88,1
DA:89,1
DA:90,1
DA:91,1
DA:92,1
DA:94,0
DA:98,1
DA:99,1
DA:103,0
DA:112,2
DA:113,2
DA:114,2
DA:115,2
DA:124,4
DA:125,2
DA:126,2
DA:127,2
DA:128,0
DA:134,1
DA:135,1
DA:144,7
DA:145,5
DA:146,4
DA:148,1
DA:152,1
LF:60
LH:48
BRDA:1,0,0,1
BRDA:1,0,1,0
BRDA:1,0,2,1
BRDA:2,1,0,8
BRDA:2,1,1,8
BRDA:5,2,0,8
BRDA:5,2,1,8
BRDA:6,3,0,8
BRDA:6,3,1,8
BRDA:14,4,0,15
BRDA:14,4,1,3
BRDA:15,5,0,6
BRDA:15,5,1,9
BRDA:18,6,0,1
BRDA:18,6,1,2
BRDA:22,7,0,2
BRDA:22,7,1,0
BRDA:49,8,0,0
BRDA:49,8,1,0
BRDA:66,9,0,2
BRDA:66,9,1,2
BRDA:74,10,0,0
BRDA:74,10,1,1
BRDA:83,11,0,0
BRDA:83,11,1,1
BRDA:88,12,0,1
BRDA:88,12,1,0
BRDA:98,13,0,1
BRDA:98,13,1,0
BRDA:124,14,0,2
BRDA:124,14,1,2
BRDA:126,15,0,2
BRDA:126,15,1,0
BRDA:145,16,0,4
BRDA:145,16,1,1
BRDA:146,17,0,1
BRDA:146,17,1,3
BRF:37
BRH:28
end_of_record
TN:
SF:C:\Users\Vincent\Documents\GitHub\compactd\client\src\api\models\CompactdModel.tsx
FN:2,(anonymous_0)
FN:10,(anonymous_1)
FN:16,(anonymous_2)
FN:24,(anonymous_3)
FN:27,(anonymous_4)
FN:30,(anonymous_5)
FN:33,(anonymous_6)
FN:37,(anonymous_7)
FN:41,(anonymous_8)
FN:46,(anonymous_9)
FN:97,(anonymous_10)
FN:100,(anonymous_11)
FN:103,(anonymous_12)
FN:104,(anonymous_13)
FN:108,(anonymous_14)
FN:109,(anonymous_15)
FNF:16
FNH:12
FNDA:1,(anonymous_0)
FNDA:1,(anonymous_1)
FNDA:18,(anonymous_2)
FNDA:11,(anonymous_3)
FNDA:0,(anonymous_4)
FNDA:5,(anonymous_5)
FNDA:1,(anonymous_6)
FNDA:1,(anonymous_7)
FNDA:1,(anonymous_8)
FNDA:1,(anonymous_9)
FNDA:1,(anonymous_10)
FNDA:0,(anonymous_11)
FNDA:0,(anonymous_12)
FNDA:0,(anonymous_13)
FNDA:1,(anonymous_14)
FNDA:1,(anonymous_15)
DA:2,1
DA:3,1
DA:4,1
DA:5,1
DA:6,1
DA:7,1
DA:10,1
DA:11,1
DA:12,1
DA:13,1
DA:17,18
DA:18,18
DA:19,18
DA:20,18
DA:21,18
DA:22,18
DA:25,11
DA:28,0
DA:31,5
DA:34,1
DA:35,0
DA:37,1
DA:38,1
DA:42,1
DA:43,1
DA:44,1
DA:45,1
DA:47,1
DA:48,1
DA:50,1
DA:51,1
DA:98,1
DA:104,0
DA:105,0
DA:109,1
DA:110,1
LF:36
LH:32
BRDA:8,0,0,1
BRDA:8,0,1,1
BRDA:14,1,0,1
BRDA:14,1,1,1
BRDA:34,2,0,0
BRDA:34,2,1,1
BRDA:47,3,0,1
BRDA:47,3,1,0
BRDA:50,4,0,1
BRDA:50,4,1,0
BRF:10
BRH:7
end_of_record
